Arguments: 
  C:\Program Files\nodejs\node.exe C:\Users\LENOVO\AppData\Roaming\npm\node_modules\yarn\bin\yarn.js init server

PATH: 
  C:\Python310\Scripts\;C:\Python310\;C:\Program Files (x86)\NVIDIA Corporation\PhysX\Common;C:\Program Files (x86)\Common Files\Intel\Shared Libraries\redist\intel64\compiler;D:\Python\Scripts\;D:\Python\;C:\WINDOWS\system32;C:\WINDOWS;C:\WINDOWS\System32\Wbem;C:\WINDOWS\System32\WindowsPowerShell\v1.0\;C:\WINDOWS\System32\OpenSSH\;C:\Program Files\dotnet\;C:\ProgramData\chocolatey\bin;C:\Program Files\Git\cmd;C:\Program Files\Go\bin;D:\RedHat\java-11-openjdk-11.0.11-1\missioncontrol\;D:\RedHat\java-11-openjdk-11.0.11-1\bin;C:\Program Files\nodejs\;C:\Users\LENOVO\.wasmer\bin;;C:\Users\LENOVO\.wasmer\globals\wapm_packages\.bin;;C:\Program Files\Docker\Docker\resources\bin;C:\ProgramData\DockerDesktop\version-bin;C:\Users\LENOVO\.cargo\bin;C:\Users\LENOVO\AppData\Local\.meteor/;C:\Users\LENOVO\AppData\Roaming\npm\node_modules\meteor\node_modules\.bin;C:\Users\LENOVO\AppData\Roaming\npm\node_modules\node_modules\.bin;C:\Users\LENOVO\AppData\Roaming\npm\node_modules\.bin;C:\Users\LENOVO\AppData\Roaming\node_modules\.bin;C:\Users\LENOVO\AppData\node_modules\.bin;C:\Users\LENOVO\node_modules\.bin;C:\Users\node_modules\.bin;C:\node_modules\.bin;D:\nodejs\node_modules\npm\node_modules\@npmcli\run-script\lib\node-gyp-bin;D:\nodejs\;C:\Users\LENOVO\AppData\Local\Microsoft\Wi;D:\java-1.8.0-openjdk-1.8.0.302-1.b08.dev.redhat.windows.x86_64\bin;C:\Users\LENOVO\AppData\Local\Programs\Microsoft VS Code\bin;C:\Users\LENOVO\AppData\Roaming\npm;D:\PostgreSQL\14\bin

Yarn version: 
  1.22.17

Node version: 
  16.13.0

Platform: 
  win32 x64

Trace: 
  Error: canceled
      at Interface.<anonymous> (C:\Users\LENOVO\AppData\Roaming\npm\node_modules\yarn\lib\cli.js:137143:13)
      at Interface.emit (node:events:390:28)
      at Interface._ttyWrite (node:readline:1081:16)
      at ReadStream.onkeypress (node:readline:288:10)
      at ReadStream.emit (node:events:390:28)
      at emitKeys (node:internal/readline/utils:358:14)
      at emitKeys.next (<anonymous>)
      at ReadStream.onData (node:internal/readline/emitKeypressEvents:61:36)
      at ReadStream.emit (node:events:390:28)
      at addChunk (node:internal/streams/readable:315:12)

npm manifest: 
  No manifest

yarn manifest: 
  No manifest

Lockfile: 
  No lockfile
